<?xml version="1.0" encoding="UTF-8"?>
<testng-results skipped="0" failed="0" total="1" passed="1">
  <reporter-output>
  </reporter-output>
  <suite name="Default suite" duration-ms="352744" started-at="2013-05-15T13:03:27Z" finished-at="2013-05-15T13:09:20Z">
    <groups>
    </groups>
    <test name="Default test" duration-ms="352744" started-at="2013-05-15T13:03:27Z" finished-at="2013-05-15T13:09:20Z">
      <class name="com.anjuke.minzhao.app.CheckSrc.CheckResource">
        <test-method status="PASS" signature="setUp()[pri:0, instance:com.anjuke.minzhao.app.CheckSrc.CheckResource@c53dce]" name="setUp" is-config="true" duration-ms="10864" started-at="2013-05-15T13:03:27Z" finished-at="2013-05-15T13:03:38Z">
        </test-method> <!-- setUp -->
        <test-method status="PASS" signature="testCheckResources()[pri:0, instance:com.anjuke.minzhao.app.CheckSrc.CheckResource@c53dce]" name="testCheckResources" duration-ms="340647" started-at="2013-05-15T13:03:38Z" finished-at="2013-05-15T13:09:19Z">
        </test-method> <!-- testCheckResources -->
        <test-method status="FAIL" signature="tearDown()[pri:0, instance:com.anjuke.minzhao.app.CheckSrc.CheckResource@c53dce]" name="tearDown" is-config="true" duration-ms="0" started-at="2013-05-15T13:09:19Z" finished-at="2013-05-15T13:09:19Z">
          <exception class="org.openqa.selenium.remote.SessionNotFoundException">
            <message>
              <![CDATA[The FirefoxDriver cannot be used after quit() was called.
Build info: version: '2.32.0', revision: '6c40c187d01409a5dc3b7f8251859150c8af0bcb', time: '2013-04-09 10:39:28'
System info: os.name: 'Windows XP', os.arch: 'x86', os.version: '5.1', java.version: '1.6.0_10-rc2'
Driver info: driver.version: FirefoxDriver]]>
            </message>
            <full-stacktrace>
              <![CDATA[org.openqa.selenium.remote.SessionNotFoundException: The FirefoxDriver cannot be used after quit() was called.
Build info: version: '2.32.0', revision: '6c40c187d01409a5dc3b7f8251859150c8af0bcb', time: '2013-04-09 10:39:28'
System info: os.name: 'Windows XP', os.arch: 'x86', os.version: '5.1', java.version: '1.6.0_10-rc2'
Driver info: driver.version: FirefoxDriver
	at org.openqa.selenium.firefox.FirefoxDriver$LazyCommandExecutor.execute(FirefoxDriver.java:352)
	at org.openqa.selenium.remote.RemoteWebDriver.execute(RemoteWebDriver.java:527)
	at org.openqa.selenium.remote.RemoteWebDriver.execute(RemoteWebDriver.java:569)
	at org.openqa.selenium.firefox.FirefoxDriver.getScreenshotAs(FirefoxDriver.java:316)
	at com.anjukeinc.iata.ui.operation.GeneralBrowserTools.printScreen(GeneralBrowserTools.java:35)
	at com.anjukeinc.iata.ui.operation.AssertOperation.error(AssertOperation.java:18)
	at com.anjukeinc.iata.ui.operation.WebDriverBrowserWindow.quit(WebDriverBrowserWindow.java:95)
	at com.anjukeinc.iata.ui.browser.Browser.quit(Browser.java:61)
	at com.anjuke.minzhao.app.CheckSrc.CheckResource.tearDown(CheckResource.java:40)
	at sun.reflect.NativeMethodAccessorImpl.invoke0(Native Method)
	at sun.reflect.NativeMethodAccessorImpl.invoke(Unknown Source)
	at sun.reflect.DelegatingMethodAccessorImpl.invoke(Unknown Source)
	at java.lang.reflect.Method.invoke(Unknown Source)
	at org.testng.internal.MethodInvocationHelper.invokeMethod(MethodInvocationHelper.java:80)
	at org.testng.internal.Invoker.invokeConfigurationMethod(Invoker.java:551)
	at org.testng.internal.Invoker.invokeConfigurations(Invoker.java:213)
	at org.testng.internal.Invoker.invokeMethod(Invoker.java:783)
	at org.testng.internal.Invoker.invokeTestMethod(Invoker.java:894)
	at org.testng.internal.Invoker.invokeTestMethods(Invoker.java:1219)
	at org.testng.internal.TestMethodWorker.invokeTestMethods(TestMethodWorker.java:127)
	at org.testng.internal.TestMethodWorker.run(TestMethodWorker.java:111)
	at org.testng.TestRunner.privateRun(TestRunner.java:767)
	at org.testng.TestRunner.run(TestRunner.java:617)
	at org.testng.SuiteRunner.runTest(SuiteRunner.java:334)
	at org.testng.SuiteRunner.runSequentially(SuiteRunner.java:329)
	at org.testng.SuiteRunner.privateRun(SuiteRunner.java:291)
	at org.testng.SuiteRunner.run(SuiteRunner.java:240)
	at org.testng.SuiteRunnerWorker.runSuite(SuiteRunnerWorker.java:53)
	at org.testng.SuiteRunnerWorker.run(SuiteRunnerWorker.java:87)
	at org.testng.TestNG.runSuitesSequentially(TestNG.java:1197)
	at org.testng.TestNG.runSuitesLocally(TestNG.java:1122)
	at org.testng.TestNG.run(TestNG.java:1030)
	at org.testng.remote.RemoteTestNG.run(RemoteTestNG.java:111)
	at org.testng.remote.RemoteTestNG.initAndRun(RemoteTestNG.java:204)
	at org.testng.remote.RemoteTestNG.main(RemoteTestNG.java:175)
]]>
            </full-stacktrace>
          </exception> <!-- org.openqa.selenium.remote.SessionNotFoundException -->
        </test-method> <!-- tearDown -->
      </class> <!-- com.anjuke.minzhao.app.CheckSrc.CheckResource -->
    </test> <!-- Default test -->
  </suite> <!-- Default suite -->
</testng-results>
