<?xml version="1.0" encoding="UTF-8"?>
<testng-results skipped="0" failed="0" total="1" passed="1">
  <reporter-output>
  </reporter-output>
  <suite name="Default suite" duration-ms="22556" started-at="2013-05-17T14:59:22Z" finished-at="2013-05-17T14:59:45Z">
    <groups>
    </groups>
    <test name="Default test" duration-ms="22556" started-at="2013-05-17T14:59:22Z" finished-at="2013-05-17T14:59:45Z">
      <class name="com.anjuke.minzhao.app.CheckSrc.CheckResource">
        <test-method status="PASS" signature="setUp()[pri:0, instance:com.anjuke.minzhao.app.CheckSrc.CheckResource@11c8a71]" name="setUp" is-config="true" duration-ms="10646" started-at="2013-05-17T14:59:22Z" finished-at="2013-05-17T14:59:33Z">
        </test-method> <!-- setUp -->
        <test-method status="PASS" signature="testCheckResources()[pri:0, instance:com.anjuke.minzhao.app.CheckSrc.CheckResource@11c8a71]" name="testCheckResources" duration-ms="10271" started-at="2013-05-17T14:59:33Z" finished-at="2013-05-17T14:59:43Z">
        </test-method> <!-- testCheckResources -->
        <test-method status="PASS" signature="tearDown()[pri:0, instance:com.anjuke.minzhao.app.CheckSrc.CheckResource@11c8a71]" name="tearDown" is-config="true" duration-ms="1592" started-at="2013-05-17T14:59:43Z" finished-at="2013-05-17T14:59:45Z">
        </test-method> <!-- tearDown -->
      </class> <!-- com.anjuke.minzhao.app.CheckSrc.CheckResource -->
    </test> <!-- Default test -->
  </suite> <!-- Default suite -->
</testng-results>
